<?xml version="1.0" encoding="UTF-8"?>
<coverage generated="1547097964245" clover="3.2.0">
  <project timestamp="1547097964245" name="All files">
    <metrics statements="32" coveredstatements="21" conditionals="4" coveredconditionals="1" methods="14" coveredmethods="5" elements="50" coveredelements="27" complexity="0" loc="32" ncloc="32" packages="4" files="6" classes="6">
      <package name="client.components">
        <metrics statements="16" coveredstatements="10" conditionals="0" coveredconditionals="0" methods="11" coveredmethods="4"/>
        <file name="app.jsx" path="/Users/monkey/Documents/nice/HackReactor/RPT-10/rpt10-fec-spotify-friends-activity/client/components/app.jsx">
          <metrics statements="11" coveredstatements="8" conditionals="0" coveredconditionals="0" methods="7" coveredmethods="4"/>
          <line num="7" count="1" type="stmt"/>
          <line num="11" count="1" type="stmt"/>
          <line num="27" count="2" type="stmt"/>
          <line num="28" count="2" type="stmt"/>
          <line num="34" count="2" type="stmt"/>
          <line num="38" count="2" type="stmt"/>
          <line num="40" count="2" type="stmt"/>
          <line num="44" count="0" type="stmt"/>
          <line num="49" count="0" type="stmt"/>
          <line num="55" count="0" type="stmt"/>
          <line num="59" count="2" type="stmt"/>
        </file>
        <file name="song.jsx" path="/Users/monkey/Documents/nice/HackReactor/RPT-10/rpt10-fec-spotify-friends-activity/client/components/song.jsx">
          <metrics statements="2" coveredstatements="1" conditionals="0" coveredconditionals="0" methods="2" coveredmethods="0"/>
          <line num="5" count="2" type="stmt"/>
          <line num="6" count="0" type="stmt"/>
        </file>
        <file name="songList.jsx" path="/Users/monkey/Documents/nice/HackReactor/RPT-10/rpt10-fec-spotify-friends-activity/client/components/songList.jsx">
          <metrics statements="3" coveredstatements="1" conditionals="0" coveredconditionals="0" methods="2" coveredmethods="0"/>
          <line num="4" count="1" type="stmt"/>
          <line num="5" count="0" type="stmt"/>
          <line num="8" count="0" type="stmt"/>
        </file>
      </package>
      <package name="db">
        <metrics statements="6" coveredstatements="6" conditionals="2" coveredconditionals="1" methods="1" coveredmethods="1"/>
        <file name="index.js" path="/Users/monkey/Documents/nice/HackReactor/RPT-10/rpt10-fec-spotify-friends-activity/db/index.js">
          <metrics statements="6" coveredstatements="6" conditionals="2" coveredconditionals="1" methods="1" coveredmethods="1"/>
          <line num="2" count="1" type="stmt"/>
          <line num="8" count="1" type="stmt"/>
          <line num="14" count="1" type="stmt"/>
          <line num="15" count="1" type="cond" truecount="1" falsecount="1"/>
          <line num="16" count="1" type="stmt"/>
          <line num="19" count="1" type="stmt"/>
        </file>
      </package>
      <package name="server.models">
        <metrics statements="7" coveredstatements="2" conditionals="2" coveredconditionals="0" methods="2" coveredmethods="0"/>
        <file name="index.js" path="/Users/monkey/Documents/nice/HackReactor/RPT-10/rpt10-fec-spotify-friends-activity/server/models/index.js">
          <metrics statements="7" coveredstatements="2" conditionals="2" coveredconditionals="0" methods="2" coveredmethods="0"/>
          <line num="1" count="1" type="stmt"/>
          <line num="3" count="1" type="stmt"/>
          <line num="7" count="0" type="stmt"/>
          <line num="8" count="0" type="cond" truecount="0" falsecount="2"/>
          <line num="9" count="0" type="stmt"/>
          <line num="11" count="0" type="stmt"/>
          <line num="12" count="0" type="stmt"/>
        </file>
      </package>
      <package name="tests">
        <metrics statements="3" coveredstatements="3" conditionals="0" coveredconditionals="0" methods="0" coveredmethods="0"/>
        <file name="setupTests.js" path="/Users/monkey/Documents/nice/HackReactor/RPT-10/rpt10-fec-spotify-friends-activity/tests/setupTests.js">
          <metrics statements="3" coveredstatements="3" conditionals="0" coveredconditionals="0" methods="0" coveredmethods="0"/>
          <line num="1" count="3" type="stmt"/>
          <line num="2" count="3" type="stmt"/>
          <line num="3" count="3" type="stmt"/>
        </file>
      </package>
    </metrics>
  </project>
</coverage>
