{"/Users/monkey/Documents/nice/HackReactor/RPT-10/rpt10-fec-spotify-friends-activity/client/components/app.jsx": {"path":"/Users/monkey/Documents/nice/HackReactor/RPT-10/rpt10-fec-spotify-friends-activity/client/components/app.jsx","statementMap":{"0":{"start":{"line":6,"column":0},"end":{"line":6,"column":26}},"1":{"start":{"line":8,"column":14},"end":{"line":8,"column":44}},"2":{"start":{"line":9,"column":15},"end":{"line":9,"column":38}},"3":{"start":{"line":11,"column":12},"end":{"line":23,"column":2}},"4":{"start":{"line":26,"column":15},"end":{"line":31,"column":2}},"5":{"start":{"line":33,"column":20},"end":{"line":44,"column":1}},"6":{"start":{"line":34,"column":4},"end":{"line":43,"column":9}},"7":{"start":{"line":38,"column":8},"end":{"line":42,"column":7}},"8":{"start":{"line":39,"column":9},"end":{"line":39,"column":26}},"9":{"start":{"line":41,"column":8},"end":{"line":41,"column":41}},"10":{"start":{"line":48,"column":4},"end":{"line":48,"column":17}},"11":{"start":{"line":49,"column":4},"end":{"line":51,"column":7}},"12":{"start":{"line":55,"column":4},"end":{"line":55,"column":20}},"13":{"start":{"line":59,"column":15},"end":{"line":59,"column":19}},"14":{"start":{"line":61,"column":4},"end":{"line":71,"column":7}},"15":{"start":{"line":65,"column":6},"end":{"line":67,"column":8}},"16":{"start":{"line":70,"column":6},"end":{"line":70,"column":25}},"17":{"start":{"line":75,"column":4},"end":{"line":75,"column":26}},"18":{"start":{"line":76,"column":4},"end":{"line":76,"column":46}},"19":{"start":{"line":80,"column":4},"end":{"line":90,"column":5}}},"fnMap":{"0":{"name":"(anonymous_0)","decl":{"start":{"line":33,"column":20},"end":{"line":33,"column":21}},"loc":{"start":{"line":33,"column":34},"end":{"line":44,"column":1}},"line":33},"1":{"name":"(anonymous_1)","decl":{"start":{"line":37,"column":10},"end":{"line":37,"column":11}},"loc":{"start":{"line":37,"column":24},"end":{"line":43,"column":7}},"line":37},"2":{"name":"(anonymous_2)","decl":{"start":{"line":47,"column":2},"end":{"line":47,"column":3}},"loc":{"start":{"line":47,"column":20},"end":{"line":52,"column":3}},"line":47},"3":{"name":"(anonymous_3)","decl":{"start":{"line":54,"column":2},"end":{"line":54,"column":3}},"loc":{"start":{"line":54,"column":21},"end":{"line":56,"column":3}},"line":54},"4":{"name":"(anonymous_4)","decl":{"start":{"line":58,"column":2},"end":{"line":58,"column":3}},"loc":{"start":{"line":58,"column":12},"end":{"line":72,"column":3}},"line":58},"5":{"name":"(anonymous_5)","decl":{"start":{"line":62,"column":11},"end":{"line":62,"column":12}},"loc":{"start":{"line":62,"column":30},"end":{"line":68,"column":5}},"line":62},"6":{"name":"(anonymous_6)","decl":{"start":{"line":69,"column":12},"end":{"line":69,"column":13}},"loc":{"start":{"line":69,"column":27},"end":{"line":71,"column":5}},"line":69},"7":{"name":"(anonymous_7)","decl":{"start":{"line":74,"column":2},"end":{"line":74,"column":3}},"loc":{"start":{"line":74,"column":28},"end":{"line":77,"column":3}},"line":74},"8":{"name":"(anonymous_8)","decl":{"start":{"line":79,"column":2},"end":{"line":79,"column":3}},"loc":{"start":{"line":79,"column":12},"end":{"line":91,"column":3}},"line":79}},"branchMap":{"0":{"loc":{"start":{"line":38,"column":8},"end":{"line":42,"column":7}},"type":"if","locations":[{"start":{"line":38,"column":8},"end":{"line":42,"column":7}},{"start":{"line":38,"column":8},"end":{"line":42,"column":7}}],"line":38}},"s":{"0":1,"1":1,"2":1,"3":1,"4":1,"5":1,"6":0,"7":0,"8":0,"9":0,"10":3,"11":3,"12":3,"13":3,"14":3,"15":0,"16":0,"17":0,"18":0,"19":3},"f":{"0":0,"1":0,"2":3,"3":3,"4":3,"5":0,"6":0,"7":0,"8":3},"b":{"0":[0,0]},"_coverageSchema":"332fd63041d2c1bcb487cc26dd0d5f7d97098a6c","hash":"557401d7da6f77220153712082ed61022cb4867e"}
,"/Users/monkey/Documents/nice/HackReactor/RPT-10/rpt10-fec-spotify-friends-activity/client/components/song.jsx": {"path":"/Users/monkey/Documents/nice/HackReactor/RPT-10/rpt10-fec-spotify-friends-activity/client/components/song.jsx","statementMap":{"0":{"start":{"line":6,"column":18},"end":{"line":11,"column":1}},"1":{"start":{"line":13,"column":18},"end":{"line":19,"column":1}},"2":{"start":{"line":21,"column":18},"end":{"line":25,"column":1}},"3":{"start":{"line":27,"column":19},"end":{"line":30,"column":1}},"4":{"start":{"line":32,"column":20},"end":{"line":41,"column":3}},"5":{"start":{"line":33,"column":6},"end":{"line":40,"column":18}},"6":{"start":{"line":33,"column":32},"end":{"line":33,"column":63}}},"fnMap":{"0":{"name":"(anonymous_0)","decl":{"start":{"line":32,"column":20},"end":{"line":32,"column":21}},"loc":{"start":{"line":33,"column":6},"end":{"line":40,"column":18}},"line":33},"1":{"name":"(anonymous_1)","decl":{"start":{"line":33,"column":26},"end":{"line":33,"column":27}},"loc":{"start":{"line":33,"column":32},"end":{"line":33,"column":63}},"line":33}},"branchMap":{},"s":{"0":2,"1":2,"2":2,"3":2,"4":2,"5":2,"6":0},"f":{"0":2,"1":0},"b":{},"_coverageSchema":"332fd63041d2c1bcb487cc26dd0d5f7d97098a6c","hash":"248691e83004a4e460e9ae32248272c8ee917bcf"}
,"/Users/monkey/Documents/nice/HackReactor/RPT-10/rpt10-fec-spotify-friends-activity/client/components/songList.jsx": {"path":"/Users/monkey/Documents/nice/HackReactor/RPT-10/rpt10-fec-spotify-friends-activity/client/components/songList.jsx","statementMap":{"0":{"start":{"line":4,"column":15},"end":{"line":16,"column":3}},"1":{"start":{"line":5,"column":4},"end":{"line":15,"column":10}},"2":{"start":{"line":8,"column":8},"end":{"line":12,"column":10}}},"fnMap":{"0":{"name":"(anonymous_0)","decl":{"start":{"line":4,"column":15},"end":{"line":4,"column":16}},"loc":{"start":{"line":5,"column":4},"end":{"line":15,"column":10}},"line":5},"1":{"name":"(anonymous_1)","decl":{"start":{"line":7,"column":17},"end":{"line":7,"column":18}},"loc":{"start":{"line":8,"column":8},"end":{"line":12,"column":10}},"line":8}},"branchMap":{},"s":{"0":1,"1":2,"2":2},"f":{"0":2,"1":2},"b":{},"_coverageSchema":"332fd63041d2c1bcb487cc26dd0d5f7d97098a6c","hash":"54df65638eeedcd477995e29eddcfc33656ef887"}
,"/Users/monkey/Documents/nice/HackReactor/RPT-10/rpt10-fec-spotify-friends-activity/db/index.js": {"path":"/Users/monkey/Documents/nice/HackReactor/RPT-10/rpt10-fec-spotify-friends-activity/db/index.js","statementMap":{"0":{"start":{"line":2,"column":12},"end":{"line":2,"column":28}},"1":{"start":{"line":8,"column":17},"end":{"line":12,"column":2}},"2":{"start":{"line":14,"column":0},"end":{"line":17,"column":3}},"3":{"start":{"line":15,"column":2},"end":{"line":15,"column":25}},"4":{"start":{"line":15,"column":13},"end":{"line":15,"column":23}},"5":{"start":{"line":16,"column":2},"end":{"line":16,"column":42}},"6":{"start":{"line":19,"column":0},"end":{"line":19,"column":39}}},"fnMap":{"0":{"name":"(anonymous_0)","decl":{"start":{"line":14,"column":19},"end":{"line":14,"column":20}},"loc":{"start":{"line":14,"column":33},"end":{"line":17,"column":1}},"line":14}},"branchMap":{"0":{"loc":{"start":{"line":15,"column":2},"end":{"line":15,"column":25}},"type":"if","locations":[{"start":{"line":15,"column":2},"end":{"line":15,"column":25}},{"start":{"line":15,"column":2},"end":{"line":15,"column":25}}],"line":15}},"s":{"0":1,"1":1,"2":1,"3":1,"4":0,"5":1,"6":1},"f":{"0":1},"b":{"0":[0,1]},"_coverageSchema":"332fd63041d2c1bcb487cc26dd0d5f7d97098a6c","hash":"47d405491c280712b1d13fe6039ac3f78b805c82"}
,"/Users/monkey/Documents/nice/HackReactor/RPT-10/rpt10-fec-spotify-friends-activity/server/models/index.js": {"path":"/Users/monkey/Documents/nice/HackReactor/RPT-10/rpt10-fec-spotify-friends-activity/server/models/index.js","statementMap":{"0":{"start":{"line":1,"column":9},"end":{"line":1,"column":34}},"1":{"start":{"line":3,"column":2},"end":{"line":17,"column":4}},"2":{"start":{"line":7,"column":8},"end":{"line":14,"column":11}},"3":{"start":{"line":8,"column":10},"end":{"line":13,"column":11}},"4":{"start":{"line":9,"column":12},"end":{"line":9,"column":22}},"5":{"start":{"line":11,"column":12},"end":{"line":11,"column":42}},"6":{"start":{"line":12,"column":12},"end":{"line":12,"column":29}}},"fnMap":{"0":{"name":"(anonymous_0)","decl":{"start":{"line":6,"column":11},"end":{"line":6,"column":12}},"loc":{"start":{"line":6,"column":25},"end":{"line":15,"column":7}},"line":6},"1":{"name":"(anonymous_1)","decl":{"start":{"line":7,"column":316},"end":{"line":7,"column":317}},"loc":{"start":{"line":7,"column":337},"end":{"line":14,"column":9}},"line":7}},"branchMap":{"0":{"loc":{"start":{"line":8,"column":10},"end":{"line":13,"column":11}},"type":"if","locations":[{"start":{"line":8,"column":10},"end":{"line":13,"column":11}},{"start":{"line":8,"column":10},"end":{"line":13,"column":11}}],"line":8}},"s":{"0":1,"1":1,"2":0,"3":0,"4":0,"5":0,"6":0},"f":{"0":0,"1":0},"b":{"0":[0,0]},"_coverageSchema":"332fd63041d2c1bcb487cc26dd0d5f7d97098a6c","hash":"7bf0d2595e063c210d2f00c4f59a24d8413fe6e5"}
,"/Users/monkey/Documents/nice/HackReactor/RPT-10/rpt10-fec-spotify-friends-activity/sqs/awsConfig.js": {"path":"/Users/monkey/Documents/nice/HackReactor/RPT-10/rpt10-fec-spotify-friends-activity/sqs/awsConfig.js","statementMap":{"0":{"start":{"line":3,"column":26},"end":{"line":3,"column":48}},"1":{"start":{"line":4,"column":30},"end":{"line":4,"column":72}},"2":{"start":{"line":6,"column":0},"end":{"line":6,"column":53}},"3":{"start":{"line":7,"column":0},"end":{"line":7,"column":61}}},"fnMap":{},"branchMap":{},"s":{"0":1,"1":1,"2":1,"3":1},"f":{},"b":{},"_coverageSchema":"332fd63041d2c1bcb487cc26dd0d5f7d97098a6c","hash":"9a3f988fd2505fbf498b8fc4b5bcde59e1901b5e"}
,"/Users/monkey/Documents/nice/HackReactor/RPT-10/rpt10-fec-spotify-friends-activity/tests/setupTests.js": {"path":"/Users/monkey/Documents/nice/HackReactor/RPT-10/rpt10-fec-spotify-friends-activity/tests/setupTests.js","statementMap":{"0":{"start":{"line":1,"column":13},"end":{"line":1,"column":31}},"1":{"start":{"line":2,"column":14},"end":{"line":2,"column":49}},"2":{"start":{"line":3,"column":0},"end":{"line":3,"column":45}}},"fnMap":{},"branchMap":{},"s":{"0":3,"1":3,"2":3},"f":{},"b":{},"_coverageSchema":"332fd63041d2c1bcb487cc26dd0d5f7d97098a6c","hash":"1387f4d4a3c5bcb7934a2e756ae158af1add6560"}
}
