TN:
SF:/Users/monkey/Documents/nice/HackReactor/RPT-10/rpt10-fec-spotify-friends-activity/client/components/song.jsx
FN:32,(anonymous_0)
FN:33,(anonymous_1)
FNF:2
FNH:0
FNDA:0,(anonymous_0)
FNDA:0,(anonymous_1)
DA:6,1
DA:13,1
DA:21,1
DA:27,1
DA:32,1
DA:33,0
LF:6
LH:5
BRF:0
BRH:0
end_of_record
TN:
SF:/Users/monkey/Documents/nice/HackReactor/RPT-10/rpt10-fec-spotify-friends-activity/db/index.js
FN:14,(anonymous_0)
FNF:1
FNH:1
FNDA:1,(anonymous_0)
DA:2,1
DA:8,1
DA:14,1
DA:15,1
DA:16,1
DA:19,1
LF:6
LH:6
BRDA:15,0,0,0
BRDA:15,0,1,1
BRF:2
BRH:1
end_of_record
TN:
SF:/Users/monkey/Documents/nice/HackReactor/RPT-10/rpt10-fec-spotify-friends-activity/server/models/index.js
FN:6,(anonymous_0)
FN:7,(anonymous_1)
FNF:2
FNH:0
FNDA:0,(anonymous_0)
FNDA:0,(anonymous_1)
DA:1,1
DA:3,1
DA:7,0
DA:8,0
DA:9,0
DA:11,0
DA:12,0
LF:7
LH:2
BRDA:8,0,0,0
BRDA:8,0,1,0
BRF:2
BRH:0
end_of_record
TN:
SF:/Users/monkey/Documents/nice/HackReactor/RPT-10/rpt10-fec-spotify-friends-activity/tests/setupTests.js
FNF:0
FNH:0
DA:1,2
DA:2,2
DA:3,2
LF:3
LH:3
BRF:0
BRH:0
end_of_record
